<?xml version="1.0" encoding="UTF-8"?>
<!-- Generated by org.testng.reporters.JUnitReportReporter -->
<testsuite hostname="apple123s-mbp" failures="0" tests="1" name="com.qa.tests.Logintest" time="1.471" errors="0" timestamp="2021-07-18T20:09:45 IST" skipped="0">
  <testcase classname="com.qa.tests.Logintest" name="test" time="1.471"/>
  <system-out/>
</testsuite> <!-- com.qa.tests.Logintest -->
