<?xml version="1.0" encoding="UTF-8"?>
<!-- Generated by org.testng.reporters.JUnitReportReporter -->
<testsuite hostname="DESKTOP-L0OQ60P" failures="0" tests="2" name="com.qa.tests.HomepageTest" time="8.811" errors="0" timestamp="2021-07-24T00:11:48 IST" skipped="0">
  <testcase classname="com.qa.tests.HomepageTest" name="loginTest" time="6.732"/>
  <system-out/>
  <testcase classname="com.qa.tests.HomepageTest" name="newCustomerCreationTest" time="2.079"/>
  <system-out/>
</testsuite> <!-- com.qa.tests.HomepageTest -->
