<?xml version="1.0" encoding="UTF-8"?>
<!-- Generated by org.testng.reporters.JUnitReportReporter -->
<testsuite hostname="apple123s-mbp" failures="0" tests="1" name="com.qa.tests.HomepageTest" time="0.007" errors="0" timestamp="2021-07-17T23:12:15 IST" skipped="0">
  <testcase classname="com.qa.tests.HomepageTest" name="homepageTest" time="0.007"/>
  <system-out/>
</testsuite> <!-- com.qa.tests.HomepageTest -->
