<?xml version="1.0" encoding="UTF-8"?>
<!-- Generated by org.testng.reporters.JUnitReportReporter -->
<testsuite hostname="DESKTOP-L0OQ60P" failures="0" tests="1" name="com.qa.tests.Logintest" time="2.784" errors="0" timestamp="2021-07-23T23:32:18 IST" skipped="0">
  <testcase classname="com.qa.tests.Logintest" name="test" time="2.784"/>
  <system-out/>
</testsuite> <!-- com.qa.tests.Logintest -->
