<?xml version="1.0" encoding="UTF-8"?>
<!-- Generated by org.testng.reporters.JUnitReportReporter -->
<testsuite hostname="DESKTOP-L0OQ60P" failures="0" tests="2" name="com.qa.tests.HomepageTest" time="5.985" errors="0" timestamp="2021-07-25T01:45:54 IST" skipped="0">
  <testcase classname="com.qa.tests.HomepageTest" name="loginTest" time="2.011"/>
  <system-out/>
  <testcase classname="com.qa.tests.HomepageTest" name="newCustomerCreationTest" time="3.974"/>
  <system-out/>
</testsuite> <!-- com.qa.tests.HomepageTest -->
